<?xml version="1.0" encoding="UTF-8"?>
<coverage generated="1767478700">
  <project timestamp="1767478700" name="Clover Coverage">
    <package name="App">
      <file name="/opt/project/src/DigitArrayInteger.php">
        <class name="App\DigitArrayInteger" namespace="App">
          <metrics complexity="31" methods="14" coveredmethods="14" conditionals="0" coveredconditionals="0" statements="55" coveredstatements="55" elements="69" coveredelements="69"/>
        </class>
        <line num="40" type="method" name="__construct" visibility="private" complexity="1" crap="1" count="18"/>
        <line num="42" type="stmt" count="18"/>
        <line num="51" type="method" name="fromString" visibility="public" complexity="2" crap="2" count="14"/>
        <line num="53" type="stmt" count="14"/>
        <line num="54" type="stmt" count="2"/>
        <line num="57" type="stmt" count="12"/>
        <line num="66" type="method" name="fromInt" visibility="public" complexity="1" crap="1" count="4"/>
        <line num="68" type="stmt" count="4"/>
        <line num="78" type="method" name="fromArray" visibility="public" complexity="1" crap="1" count="5"/>
        <line num="80" type="stmt" count="5"/>
        <line num="81" type="stmt" count="4"/>
        <line num="83" type="stmt" count="3"/>
        <line num="85" type="stmt" count="3"/>
        <line num="95" type="method" name="fromJson" visibility="public" complexity="5" crap="5" count="3"/>
        <line num="97" type="stmt" count="3"/>
        <line num="99" type="stmt" count="3"/>
        <line num="100" type="stmt" count="1"/>
        <line num="103" type="stmt" count="2"/>
        <line num="105" type="stmt" count="2"/>
        <line num="106" type="stmt" count="2"/>
        <line num="107" type="stmt" count="1"/>
        <line num="110" type="stmt" count="2"/>
        <line num="113" type="stmt" count="1"/>
        <line num="121" type="method" name="zero" visibility="public" complexity="1" crap="1" count="9"/>
        <line num="123" type="stmt" count="9"/>
        <line num="131" type="method" name="one" visibility="public" complexity="1" crap="1" count="6"/>
        <line num="133" type="stmt" count="6"/>
        <line num="142" type="method" name="add" visibility="public" complexity="3" crap="3" count="9"/>
        <line num="144" type="stmt" count="9"/>
        <line num="145" type="stmt" count="9"/>
        <line num="146" type="stmt" count="9"/>
        <line num="148" type="stmt" count="9"/>
        <line num="149" type="stmt" count="9"/>
        <line num="150" type="stmt" count="9"/>
        <line num="152" type="stmt" count="9"/>
        <line num="153" type="stmt" count="9"/>
        <line num="154" type="stmt" count="9"/>
        <line num="157" type="stmt" count="9"/>
        <line num="166" type="method" name="multiply" visibility="public" complexity="4" crap="4" count="8"/>
        <line num="168" type="stmt" count="8"/>
        <line num="170" type="stmt" count="8"/>
        <line num="171" type="stmt" count="8"/>
        <line num="172" type="stmt" count="3"/>
        <line num="175" type="stmt" count="7"/>
        <line num="178" type="stmt" count="7"/>
        <line num="179" type="stmt" count="7"/>
        <line num="183" type="stmt" count="7"/>
        <line num="184" type="stmt" count="7"/>
        <line num="187" type="stmt" count="8"/>
        <line num="195" type="method" name="toString" visibility="public" complexity="1" crap="1" count="18"/>
        <line num="197" type="stmt" count="18"/>
        <line num="206" type="method" name="shift" visibility="private" complexity="2" crap="2" count="7"/>
        <line num="208" type="stmt" count="7"/>
        <line num="209" type="stmt" count="6"/>
        <line num="212" type="stmt" count="4"/>
        <line num="213" type="stmt" count="4"/>
        <line num="214" type="stmt" count="4"/>
        <line num="215" type="stmt" count="4"/>
        <line num="224" type="method" name="assertNotEmpty" visibility="private" complexity="2" crap="2" count="5"/>
        <line num="226" type="stmt" count="5"/>
        <line num="227" type="stmt" count="1"/>
        <line num="237" type="method" name="assertValidDigits" visibility="private" complexity="4" crap="4" count="4"/>
        <line num="239" type="stmt" count="4"/>
        <line num="240" type="stmt" count="4"/>
        <line num="241" type="stmt" count="1"/>
        <line num="252" type="method" name="trimLeadingZeros" visibility="private" complexity="3" crap="3" count="3"/>
        <line num="254" type="stmt" count="3"/>
        <line num="255" type="stmt" count="1"/>
        <line num="258" type="stmt" count="3"/>
        <metrics loc="261" ncloc="170" classes="1" methods="14" coveredmethods="14" conditionals="0" coveredconditionals="0" statements="55" coveredstatements="55" elements="69" coveredelements="69"/>
      </file>
      <file name="/opt/project/src/FactorialService.php">
        <class name="App\FactorialService" namespace="App">
          <metrics complexity="3" methods="1" coveredmethods="1" conditionals="0" coveredconditionals="0" statements="6" coveredstatements="6" elements="7" coveredelements="7"/>
        </class>
        <line num="20" type="method" name="calculate" visibility="public" complexity="3" crap="3" count="6"/>
        <line num="22" type="stmt" count="6"/>
        <line num="23" type="stmt" count="1"/>
        <line num="26" type="stmt" count="5"/>
        <line num="28" type="stmt" count="5"/>
        <line num="29" type="stmt" count="3"/>
        <line num="32" type="stmt" count="5"/>
        <metrics loc="35" ncloc="26" classes="1" methods="1" coveredmethods="1" conditionals="0" coveredconditionals="0" statements="6" coveredstatements="6" elements="7" coveredelements="7"/>
      </file>
      <file name="/opt/project/src/PostValidator.php">
        <class name="App\PostValidator" namespace="App">
          <metrics complexity="6" methods="2" coveredmethods="2" conditionals="0" coveredconditionals="0" statements="6" coveredstatements="6" elements="8" coveredelements="8"/>
        </class>
        <line num="26" type="method" name="string" visibility="public" complexity="3" crap="3" count="5"/>
        <line num="28" type="stmt" count="5"/>
        <line num="29" type="stmt" count="2"/>
        <line num="32" type="stmt" count="3"/>
        <line num="43" type="method" name="int" visibility="public" complexity="3" crap="3" count="6"/>
        <line num="45" type="stmt" count="6"/>
        <line num="46" type="stmt" count="3"/>
        <line num="49" type="stmt" count="3"/>
        <metrics loc="52" ncloc="33" classes="1" methods="2" coveredmethods="2" conditionals="0" coveredconditionals="0" statements="6" coveredstatements="6" elements="8" coveredelements="8"/>
      </file>
    </package>
    <metrics files="3" loc="348" ncloc="229" classes="3" methods="17" coveredmethods="17" conditionals="0" coveredconditionals="0" statements="67" coveredstatements="67" elements="84" coveredelements="84"/>
  </project>
</coverage>
